[2022-01-19 13:58:15,670,421] [CoinMarketCapBot launched]
[2022-01-19 13:58:15,686,441] [[CategoriesURLs file size: 25 KB]]
[2022-01-19 13:58:15,702,451] [[Generating item urls ...]]
[2022-01-19 13:58:15,702,133] [Launching chrome browser]
[2022-01-19 13:58:49,168,421] [CoinMarketCapBot launched]
[2022-01-19 13:58:49,168,441] [[CategoriesURLs file size: 25 KB]]
[2022-01-19 13:58:49,184,451] [[Generating item urls ...]]
[2022-01-19 13:58:49,184,133] [Launching chrome browser]
[2022-01-19 13:58:50,857,176] [[Signing-in to the website ... ][Account 1: ramon_vansomeren@hotmail.com]]
[2022-01-19 13:58:58,391,182] [[Loading cookies ...][Account 1: ramon_vansomeren@hotmail.com]]
[2022-01-19 13:59:52,604,421] [CoinMarketCapBot launched]
[2022-01-19 13:59:52,611,441] [[CategoriesURLs file size: 25 KB]]
[2022-01-19 13:59:52,627,451] [[Generating item urls ...]]
[2022-01-19 13:59:52,627,133] [Launching chrome browser]
[2022-01-19 13:59:54,648,176] [[Signing-in to the website ... ][Account 1: ramon_vansomeren@hotmail.com]]
[2022-01-19 14:00:00,566,190] [[Please sign-in manually ! You have 3 minutes to sign-in.][Account 1: ramon_vansomeren@hotmail.com]]
[2022-01-19 14:00:00,566,191] [[Your Credentials: [Account 1: Email: ramon_vansomeren@hotmail.com Password: bol.com123]]
[2022-01-19 14:14:30,208,418] [CoinMarketCapBot launched]
[2022-01-19 14:14:30,226,438] [[CategoriesURLs file size: 25 KB]]
[2022-01-19 14:14:30,240,448] [[Generating item urls ...]]
[2022-01-19 14:14:30,241,133] [Launching chrome browser]
[2022-01-19 14:14:31,767,175] [[Signing-in to the website ... ]: ramon_vansomeren@hotmail.com]]
[2022-01-19 14:14:36,248,188] [[Please sign-in manually ! You have 3 minutes to sign-in.]: ramon_vansomeren@hotmail.com]]
[2022-01-19 14:14:36,248,189] [[Your Credentials: : Email: ramon_vansomeren@hotmail.com Password: Winkelstraat123]]
[2022-01-19 14:17:36,339,198] [Cookies have been saved]: ramon_vansomeren@hotmail.com]]
[2022-01-19 14:17:36,339,452] [[Processing CategoriesURLs.csv]]
[2022-01-19 14:33:57,461,421] [CoinMarketCapBot launched]
[2022-01-19 14:33:57,469,441] [[CategoriesURLs file size: 25 KB]]
[2022-01-19 14:33:57,487,451] [[Generating item urls ...]]
[2022-01-19 14:33:57,488,133] [Launching chrome browser]
[2022-01-19 14:33:59,833,175] [[Signing-in to the website ... ]: ramon_vansomeren@hotmail.com]]
[2022-01-19 14:34:07,073,180] [[Loading cookies ...]: ramon_vansomeren@hotmail.com]]
[2022-01-19 14:34:09,439,455] [[Processing CategoriesURLs.csv]]
[2022-01-19 14:34:54,854,421] [CoinMarketCapBot launched]
[2022-01-19 14:34:54,854,441] [[CategoriesURLs file size: 25 KB]]
[2022-01-19 14:34:54,870,451] [[Generating item urls ...]]
[2022-01-19 14:34:54,870,133] [Launching chrome browser]
[2022-01-19 14:34:56,390,175] [[Signing-in to the website ... ]: ramon_vansomeren@hotmail.com]]
[2022-01-19 14:35:03,637,188] [[Please sign-in manually ! You have 3 minutes to sign-in.]: ramon_vansomeren@hotmail.com]]
[2022-01-19 14:35:03,637,189] [[Your Credentials: : Email: ramon_vansomeren@hotmail.com Password: Winkelstraat123]]
[2022-01-19 14:35:10,384,201] [Cookies have been saved]: ramon_vansomeren@hotmail.com]]
[2022-01-19 14:35:10,385,455] [[Processing CategoriesURLs.csv]]
[2022-01-19 14:53:33,797,421] [CoinMarketCapBot launched]
[2022-01-19 14:53:33,806,441] [[CategoriesURLs file size: 25 KB]]
[2022-01-19 14:53:33,823,451] [[Generating item urls ...]]
[2022-01-19 14:53:33,824,133] [Launching chrome browser]
[2022-01-19 14:53:35,898,175] [[Signing-in to the website ... ]: ramon_vansomeren@hotmail.com]]
[2022-01-19 14:53:46,889,180] [[Loading cookies ...]: ramon_vansomeren@hotmail.com]]
[2022-01-19 14:53:50,516,455] [[Processing CategoriesURLs.csv]]
